<?xml version="1.0" encoding="UTF-8"?>
<!-- Generated by org.testng.reporters.JUnitXMLReporter -->
<testsuite ignored="0" hostname="HienPT4-QA" failures="0" tests="4" name="Default test" time="31.394" errors="0" timestamp="03 Mar 2023 09:55:15 GMT">
  <testcase classname="webdriver.Topic_03_Web_Element" name="emptyEmailPassword" time="6.076"/>
  <testcase classname="webdriver.Topic_03_Web_Element" name="incorrectEmailorPassword" time="8.293"/>
  <testcase classname="webdriver.Topic_03_Web_Element" name="invalidEmail" time="6.756"/>
  <testcase classname="webdriver.Topic_03_Web_Element" name="passwordLessthan6char" time="7.004"/>
</testsuite> <!-- Default test -->
