<?xml version="1.0" encoding="UTF-8"?>
<!-- Generated by org.testng.reporters.JUnitXMLReporter -->
<testsuite ignored="0" hostname="HienPT4-QA" failures="0" tests="3" name="Default test" time="8.988" errors="0" timestamp="19 Feb 2023 04:54:41 GMT">
  <testcase classname="webdriver.Topic_01_Check_Environment" name="TC_01_Url" time="0.015"/>
  <testcase classname="webdriver.Topic_01_Check_Environment" name="TC_02_Logo" time="0.112"/>
  <testcase classname="webdriver.Topic_01_Check_Environment" name="TC_03_Form" time="0.056"/>
</testsuite> <!-- Default test -->
